[0m[[0m[0mdebug[0m] [0m[0m> Exec(compile, Some(a73d18be-bfd6-48ed-b897-faa59cb44765), Some(CommandSource(console0)))[0m
[0m[[0m[0mdebug[0m] [0m[0mEvaluating tasks: Compile / compile[0m
[0m[[0m[0mdebug[0m] [0m[0mRunning task... Cancel: Signal, check cycles: false, forcegc: true[0m
[0m[[0m[0minfo[0m] [0m[0mcompiling 1 Scala source to /Users/priyankabose/Desktop/VSCodeProjects/scalar-demo/target/scala-3.3.1/classes ...[0m
[0m[[0m[31merror[0m] [0m[0m[31m[31m-- [E008] Not Found Error: /Users/priyankabose/Desktop/VSCodeProjects/scalar-demo/Main.scala:8:24 [0m[0m[0m
[0m[[0m[31merror[0m] [0m[0m[31m8 |[0m[33mimport[0m org.http4s.ember.client.EmberClientBuilder[0m
[0m[[0m[31merror[0m] [0m[0m[31m[31m  |[0m       ^^^^^^^^^^^^^^^^^^^^^^^[0m[0m
[0m[[0m[31merror[0m] [0m[0m[31m  |[0m       value client is not a member of org.http4s.ember[0m
[0m[[0m[31merror[0m] [0m[0m[31m[31m-- [E008] Not Found Error: /Users/priyankabose/Desktop/VSCodeProjects/scalar-demo/Main.scala:58:23 [0m[0m[0m
[0m[[0m[31merror[0m] [0m[0m[31m58 |[0m    client: org.http4s.client.Client[[35mIO[0m],[0m
[0m[[0m[31merror[0m] [0m[0m[31m[31m   |[0m            ^^^^^^^^^^^^^^^^^[0m[0m
[0m[[0m[31merror[0m] [0m[0m[31m   |[0m            value client is not a member of org.http4s[0m
[0m[[0m[31merror[0m] [0m[0m[31m[31m-- [E008] Not Found Error: /Users/priyankabose/Desktop/VSCodeProjects/scalar-demo/Main.scala:97:41 [0m[0m[0m
[0m[[0m[31merror[0m] [0m[0m[31m97 |[0m  [33mprivate[0m [33mdef[0m httpApp(client: org.http4s.client.Client[IO]): HttpApp[IO] =[0m
[0m[[0m[31merror[0m] [0m[0m[31m[31m   |[0m                              ^^^^^^^^^^^^^^^^^[0m[0m
[0m[[0m[31merror[0m] [0m[0m[31m   |[0m                              value client is not a member of org.http4s[0m
[0m[[0m[31merror[0m] [0m[0mthree errors found[0m
[0m[[0m[31merror[0m] [0m[0m(Compile / [31mcompileIncremental[0m) Compilation failed[0m
[0m[[0m[31merror[0m] [0m[0mTotal time: 2 s, completed Mar 13, 2026, 3:05:01 AM[0m
[0m[[0m[0mdebug[0m] [0m[0m> Exec(shell, None, None)[0m
[0m[[0m[0minfo[0m] [0m[0mshutting down sbt server[0m
